<?xml version="1.0" encoding="UTF-8"?>
<testng-results ignored="0" total="1" passed="1" failed="0" skipped="0">
  <reporter-output>
  </reporter-output>
  <suite started-at="2018-12-14T06:07:06Z" name="Suite" finished-at="2018-12-14T06:07:25Z" duration-ms="19698">
    <groups>
    </groups>
    <test started-at="2018-12-14T06:07:06Z" name="Test" finished-at="2018-12-14T06:07:25Z" duration-ms="19698">
      <class name="amazonNewTest.AmazonStory1">
        <test-method is-config="true" signature="setup()[pri:0, instance:amazonNewTest.AmazonStory1@14555e0a]" started-at="2018-12-14T06:06:54Z" name="setup" finished-at="2018-12-14T06:07:06Z" duration-ms="11679" status="PASS">
          <reporter-output>
          </reporter-output>
        </test-method> <!-- setup -->
        <test-method signature="KindleShopping_Test()[pri:0, instance:amazonNewTest.AmazonStory1@14555e0a]" started-at="2018-12-14T06:07:06Z" name="KindleShopping_Test" finished-at="2018-12-14T06:07:25Z" duration-ms="19676" status="PASS">
          <reporter-output>
          </reporter-output>
        </test-method> <!-- KindleShopping_Test -->
      </class> <!-- amazonNewTest.AmazonStory1 -->
    </test> <!-- Test -->
  </suite> <!-- Suite -->
</testng-results>
